-------------------------------------------------------------------------------
Test set: com.tcs.Springsecurity.SpringsecurityApplicationTests
-------------------------------------------------------------------------------
Tests run: 1, Failures: 0, Errors: 1, Skipped: 0, Time elapsed: 11.067 s <<< FAILURE! - in com.tcs.Springsecurity.SpringsecurityApplicationTests
contextLoads  Time elapsed: 0.053 s  <<< ERROR!
java.lang.IllegalStateException: Failed to load ApplicationContext
Caused by: org.springframework.beans.factory.BeanCreationException: Error creating bean with name 'entityManagerFactory' defined in class path resource [org/springframework/boot/autoconfigure/orm/jpa/HibernateJpaConfiguration.class]: Invocation of init method failed; nested exception is java.lang.NoClassDefFoundError: net/bytebuddy/ClassFileVersion$VersionLocator$ForJava9CapableVm
Caused by: java.lang.NoClassDefFoundError: net/bytebuddy/ClassFileVersion$VersionLocator$ForJava9CapableVm
Caused by: java.lang.ClassNotFoundException: net.bytebuddy.ClassFileVersion$VersionLocator$ForJava9CapableVm
Caused by: java.util.zip.ZipException: error reading zip file

